#
# There is insufficient memory for the Java Runtime Environment to continue.
# Native memory allocation (mmap) failed to map 1073741824 bytes for G1 virtual space
# Possible reasons:
#   The system is out of physical RAM or swap space
#   The process is running with CompressedOops enabled, and the Java Heap may be blocking the growth of the native heap
# Possible solutions:
#   Reduce memory load on the system
#   Increase physical memory or swap space
#   Check if swap backing store is full
#   Decrease Java heap size (-Xmx/-Xms)
#   Decrease number of Java threads
#   Decrease Java thread stack sizes (-Xss)
#   Set larger code cache with -XX:ReservedCodeCacheSize=
#   JVM is running with Zero Based Compressed Oops mode in which the Java heap is
#     placed in the first 32GB address space. The Java Heap base address is the
#     maximum limit for the native heap growth. Please use -XX:HeapBaseMinAddress
#     to set the Java Heap base and to place the Java Heap above 32GB virtual address.
# This output file may be truncated or incomplete.
#
#  Out of Memory Error (os_windows.cpp:3557), pid=35920, tid=47628
#
# JRE version:  (17.0.6+10) (build )
# Java VM: OpenJDK 64-Bit Server VM (17.0.6+10, mixed mode, sharing, tiered, compressed oops, compressed class ptrs, g1 gc, windows-amd64)
# No core dump will be written. Minidumps are not enabled by default on client versions of Windows
#

---------------  S U M M A R Y ------------

Command Line: -Djava.library.path=C:\Program Files\Red Gate\Flyway Desktop\flyway\\native org.flywaydb.commandline.Main -workingDirectory=E:\Documents\git\FlywaySimpleTalk_Timestamp -url=jdbc:sqlite::memory: -user=sa -defaultSchema=main -driver= -reportEnabled=false -outputType=json -configFiles=E:\Documents\git\FlywaySimpleTalk_Timestamp\flyway.toml,E:\Documents\git\FlywaySimpleTalk_Timestamp\flyway.user.toml -skipCheckForUpdate info 

Host: AMD Ryzen 7 5800X 8-Core Processor             , 16 cores, 63G,  Windows 10 , 64 bit Build 19041 (10.0.19041.3155)
Time: Fri Aug 25 17:13:35 2023 Mountain Daylight Time elapsed time: 0.006357 seconds (0d 0h 0m 0s)

---------------  T H R E A D  ---------------

Current thread (0x000001df6afb9a50):  JavaThread "Unknown thread" [_thread_in_vm, id=47628, stack(0x0000005fac800000,0x0000005fac900000)]

Stack: [0x0000005fac800000,0x0000005fac900000]
Native frames: (J=compiled Java code, j=interpreted, Vv=VM code, C=native code)
V  [jvm.dll+0x67741a]
V  [jvm.dll+0x834434]
V  [jvm.dll+0x835bde]
V  [jvm.dll+0x836243]
V  [jvm.dll+0x2457b5]
V  [jvm.dll+0x674329]
V  [jvm.dll+0x6689da]
V  [jvm.dll+0x30489b]
V  [jvm.dll+0x30bd96]
V  [jvm.dll+0x35b57e]
V  [jvm.dll+0x35b7af]
V  [jvm.dll+0x2db778]
V  [jvm.dll+0x2dc6e4]
V  [jvm.dll+0x806131]
V  [jvm.dll+0x369331]
V  [jvm.dll+0x7e56ac]
V  [jvm.dll+0x3eb35f]
V  [jvm.dll+0x3ecea1]
C  [jli.dll+0x5267]
C  [ucrtbase.dll+0x21bb2]
C  [KERNEL32.DLL+0x17614]
C  [ntdll.dll+0x526b1]


---------------  P R O C E S S  ---------------

Threads class SMR info:
_java_thread_list=0x00007ffe6b525fd8, length=0, elements={
}

Java Threads: ( => current thread )

Other Threads:
  0x000001df6b06aa50 GCTaskThread "GC Thread#0" [stack: 0x0000005fac900000,0x0000005faca00000] [id=39608]
  0x000001df6b07b860 ConcurrentGCThread "G1 Main Marker" [stack: 0x0000005faca00000,0x0000005facb00000] [id=32856]
  0x000001df6b07c920 ConcurrentGCThread "G1 Conc#0" [stack: 0x0000005facb00000,0x0000005facc00000] [id=5480]

[error occurred during error reporting (printing all threads), id 0xc0000005, EXCEPTION_ACCESS_VIOLATION (0xc0000005) at pc=0x00007ffe6acfc1e7]

VM state: not at safepoint (not fully initialized)

VM Mutex/Monitor currently owned by a thread:  ([mutex/lock_event])
[0x000001df6afb4650] Heap_lock - owner thread: 0x000001df6afb9a50

Heap address: 0x0000000401000000, size: 16368 MB, Compressed Oops mode: Zero based, Oop shift amount: 3

CDS archive(s) mapped at: [0x0000000000000000-0x0000000000000000-0x0000000000000000), size 0, SharedBaseAddress: 0x0000000800000000, ArchiveRelocationMode: 0.
Narrow klass base: 0x0000000000000000, Narrow klass shift: 0, Narrow klass range: 0x0

GC Precious Log:
<Empty>

Heap:
 garbage-first heap   total 0K, used 0K [0x0000000401000000, 0x0000000800000000)
  region size 8192K, 0 young (0K), 0 survivors (0K)

[error occurred during error reporting (printing heap information), id 0xc0000005, EXCEPTION_ACCESS_VIOLATION (0xc0000005) at pc=0x00007ffe6b0e06f9]

GC Heap History (0 events):
No events

Dll operation events (1 events):
Event: 0.004 Loaded shared library C:\Program Files\Red Gate\Flyway Desktop\flyway\jre\bin\java.dll

Deoptimization events (0 events):
No events

Classes unloaded (0 events):
No events

Classes redefined (0 events):
No events

Internal exceptions (0 events):
No events

VM Operations (0 events):
No events

Events (0 events):
No events


Dynamic libraries:
0x00007ff648a00000 - 0x00007ff648a0e000 	C:\Program Files\Red Gate\Flyway Desktop\flyway\jre\bin\java.exe
0x00007ffee2f70000 - 0x00007ffee3168000 	C:\Windows\SYSTEM32\ntdll.dll
0x00007ffee11f0000 - 0x00007ffee12af000 	C:\Windows\System32\KERNEL32.DLL
0x00007ffee06f0000 - 0x00007ffee09e6000 	C:\Windows\System32\KERNELBASE.dll
0x00007ffee0b20000 - 0x00007ffee0c20000 	C:\Windows\System32\ucrtbase.dll
0x00007ffea9500000 - 0x00007ffea9517000 	C:\Program Files\Red Gate\Flyway Desktop\flyway\jre\bin\jli.dll
0x00007ffea5ff0000 - 0x00007ffea6009000 	C:\Program Files\Red Gate\Flyway Desktop\flyway\jre\bin\VCRUNTIME140.dll
0x00007ffee2cf0000 - 0x00007ffee2e8d000 	C:\Windows\System32\USER32.dll
0x00007ffecd4a0000 - 0x00007ffecd73a000 	C:\Windows\WinSxS\amd64_microsoft.windows.common-controls_6595b64144ccf1df_6.0.19041.1110_none_60b5254171f9507e\COMCTL32.dll
0x00007ffee0fa0000 - 0x00007ffee0fc2000 	C:\Windows\System32\win32u.dll
0x00007ffee2e90000 - 0x00007ffee2f2e000 	C:\Windows\System32\msvcrt.dll
0x00007ffee1aa0000 - 0x00007ffee1acc000 	C:\Windows\System32\GDI32.dll
0x00007ffee0cd0000 - 0x00007ffee0de5000 	C:\Windows\System32\gdi32full.dll
0x00007ffee09f0000 - 0x00007ffee0a8d000 	C:\Windows\System32\msvcp_win.dll
0x00007ffee2840000 - 0x00007ffee2870000 	C:\Windows\System32\IMM32.DLL
0x00007ffed9d70000 - 0x00007ffed9d7c000 	C:\Program Files\Red Gate\Flyway Desktop\flyway\jre\bin\vcruntime140_1.dll
0x00007ffe84410000 - 0x00007ffe844a1000 	C:\Program Files\Red Gate\Flyway Desktop\flyway\jre\bin\msvcp140.dll
0x00007ffe6aa10000 - 0x00007ffe6b657000 	C:\Program Files\Red Gate\Flyway Desktop\flyway\jre\bin\server\jvm.dll
0x00007ffee2590000 - 0x00007ffee263f000 	C:\Windows\System32\ADVAPI32.dll
0x00007ffee12b0000 - 0x00007ffee134c000 	C:\Windows\System32\sechost.dll
0x00007ffee29e0000 - 0x00007ffee2b06000 	C:\Windows\System32\RPCRT4.dll
0x00007ffecaa00000 - 0x00007ffecaa27000 	C:\Windows\SYSTEM32\WINMM.dll
0x00007ffeda0f0000 - 0x00007ffeda0f9000 	C:\Windows\SYSTEM32\WSOCK32.dll
0x00007ffed7690000 - 0x00007ffed769a000 	C:\Windows\SYSTEM32\VERSION.dll
0x00007ffee2970000 - 0x00007ffee29db000 	C:\Windows\System32\WS2_32.dll
0x00007ffede920000 - 0x00007ffede932000 	C:\Windows\SYSTEM32\kernel.appcore.dll
0x00007ffea98d0000 - 0x00007ffea98da000 	C:\Program Files\Red Gate\Flyway Desktop\flyway\jre\bin\jimage.dll
0x00007ffede2d0000 - 0x00007ffede4b4000 	C:\Windows\SYSTEM32\DBGHELP.DLL
0x00007ffed6b70000 - 0x00007ffed6ba4000 	C:\Windows\SYSTEM32\dbgcore.DLL
0x00007ffee0a90000 - 0x00007ffee0b12000 	C:\Windows\System32\bcryptPrimitives.dll
0x00007ffea07b0000 - 0x00007ffea07d5000 	C:\Program Files\Red Gate\Flyway Desktop\flyway\jre\bin\java.dll

dbghelp: loaded successfully - version: 4.0.5 - missing functions: none
symbol engine: initialized successfully - sym options: 0x614 - pdb path: .;C:\Program Files\Red Gate\Flyway Desktop\flyway\jre\bin;C:\Windows\SYSTEM32;C:\Windows\WinSxS\amd64_microsoft.windows.common-controls_6595b64144ccf1df_6.0.19041.1110_none_60b5254171f9507e;C:\Program Files\Red Gate\Flyway Desktop\flyway\jre\bin\server

VM Arguments:
jvm_args: -Djava.library.path=C:\Program Files\Red Gate\Flyway Desktop\flyway\\native 
java_command: org.flywaydb.commandline.Main -workingDirectory=E:\Documents\git\FlywaySimpleTalk_Timestamp -url=jdbc:sqlite::memory: -user=sa -defaultSchema=main -driver= -reportEnabled=false -outputType=json -configFiles=E:\Documents\git\FlywaySimpleTalk_Timestamp\flyway.toml,E:\Documents\git\FlywaySimpleTalk_Timestamp\flyway.user.toml -skipCheckForUpdate info 
java_class_path (initial): ;C:\Program Files\Red Gate\Flyway Desktop\flyway\\lib\azure-core-1.36.0.jar;C:\Program Files\Red Gate\Flyway Desktop\flyway\\lib\azure-core-http-netty-1.13.0.jar;C:\Program Files\Red Gate\Flyway Desktop\flyway\\lib\azure-monitor-opentelemetry-exporter-1.0.0-beta.7.jar;C:\Program Files\Red Gate\Flyway Desktop\flyway\\lib\commons-lang3-3.12.0.jar;C:\Program Files\Red Gate\Flyway Desktop\flyway\\lib\commons-text-1.10.0.jar;C:\Program Files\Red Gate\Flyway Desktop\flyway\\lib\gson-2.10.1.jar;C:\Program Files\Red Gate\Flyway Desktop\flyway\\lib\jackson-annotations-2.13.4.jar;C:\Program Files\Red Gate\Flyway Desktop\flyway\\lib\jackson-dataformat-toml-2.14.0.jar;C:\Program Files\Red Gate\Flyway Desktop\flyway\\lib\jackson-dataformat-xml-2.13.4.jar;C:\Program Files\Red Gate\Flyway Desktop\flyway\\lib\jackson-dataformat-xml-2.14.0.jar;C:\Program Files\Red Gate\Flyway Desktop\flyway\\lib\jackson-datatype-jsr310-2.13.4.jar;C:\Program Files\Red Gate\Flyway Desktop\flyway\\lib\jansi-1.18.jar;C:\Program Files\Red Gate\Flyway Desktop\flyway\\lib\jsr305-3.0.2.jar;C:\Program Files\Red Gate\Flyway Desktop\flyway\\lib\lombok-1.18.20.jar;C:\Program Files\Red Gate\Flyway Desktop\flyway\\lib\netty-buffer-4.1.87.Final.jar;C:\Program Files\Red Gate\Flyway Desktop\flyway\\lib\netty-codec-4.1.87.Final.jar;C:\Program Files\Red Gate\Flyway Desktop\flyway\\lib\netty-codec-dns-4.1.86.Final.jar;C:\Program Files\Red Gate\Flyway Desktop\flyway\\lib\netty-codec-http-4.1.87.Final.jar;C:\Program Files\Red Gate\Flyway Desktop\flyway\\lib\netty-codec-http2-4.1.87.Final.jar;C:\Program Files\Red Gate\Flyway Desktop\flyway\\lib\netty-codec-socks-4.1.87.Final.jar;C:\Program Files\Red Gate\Flyway Desktop\flyway\\lib\netty-common-4.1.87.Final.jar;C:\Program Files\Red Gate\Flyway Desktop\flyway\\lib\netty-handler-4.1.87.Final.jar;C:\Program Files\Red Gate\Flyway Desktop\flyway\\lib\netty-handler-proxy-4.1.87.Final.jar;C:\Program Files\Red Gate\Flyway Desktop\flyway\\lib\netty-reso
Launcher Type: SUN_STANDARD

[Global flags]
     intx CICompilerCount                          = 12                                        {product} {ergonomic}
     uint ConcGCThreads                            = 3                                         {product} {ergonomic}
     uint G1ConcRefinementThreads                  = 13                                        {product} {ergonomic}
   size_t G1HeapRegionSize                         = 8388608                                   {product} {ergonomic}
    uintx GCDrainStackTargetSize                   = 64                                        {product} {ergonomic}
   size_t InitialHeapSize                          = 1073741824                                {product} {ergonomic}
   size_t MarkStackSize                            = 4194304                                   {product} {ergonomic}
   size_t MaxHeapSize                              = 17163091968                               {product} {ergonomic}
   size_t MinHeapDeltaBytes                        = 8388608                                   {product} {ergonomic}
   size_t MinHeapSize                              = 8388608                                   {product} {ergonomic}
    uintx NonNMethodCodeHeapSize                   = 7602480                                {pd product} {ergonomic}
    uintx NonProfiledCodeHeapSize                  = 122027880                              {pd product} {ergonomic}
    uintx ProfiledCodeHeapSize                     = 122027880                              {pd product} {ergonomic}
    uintx ReservedCodeCacheSize                    = 251658240                              {pd product} {ergonomic}
     bool SegmentedCodeCache                       = true                                      {product} {ergonomic}
   size_t SoftMaxHeapSize                          = 17163091968                            {manageable} {ergonomic}
     bool UseCompressedClassPointers               = true                           {product lp64_product} {ergonomic}
     bool UseCompressedOops                        = true                           {product lp64_product} {ergonomic}
     bool UseG1GC                                  = true                                      {product} {ergonomic}
     bool UseLargePagesIndividualAllocation        = false                                  {pd product} {ergonomic}

Logging:
Log output configuration:
 #0: stdout all=warning uptime,level,tags
 #1: stderr all=off uptime,level,tags

Environment Variables:
PATH=C:\Program Files\SqlCmd\;C:\Program Files\Eclipse Foundation\jdk-8.0.302.8-hotspot\bin;C:\Program Files\Microsoft MPI\Bin\;C:\tools\ruby27\bin;C:\Python39\Scripts\;C:\Python39\;C:\Python38\Scripts\;C:\Python38\;C:\Program Files\Common Files\Microsoft Shared\Microsoft Online Services;C:\Program Files (x86)\Common Files\Microsoft Shared\Microsoft Online Services;C:\Windows\system32;C:\Windows;C:\Windows\System32\Wbem;C:\Windows\System32\WindowsPowerShell\v1.0\;C:\Windows\System32\OpenSSH\;C:\WINDOWS\system32;C:\WINDOWS;C:\WINDOWS\System32\Wbem;C:\WINDOWS\System32\WindowsPowerShell\v1.0\;C:\WINDOWS\System32\OpenSSH\;C:\Program Files (x86)\ATI Technologies\ATI.ACE\Core-Static;C:\ProgramData\chocolatey\bin;C:\Program Files\Microsoft VS Code\bin;C:\Program Files (x86)\Microsoft SQL Server\150\DTS\Binn\;C:\Program Files\Microsoft SQL Server\Client SDK\ODBC\170\Tools\Binn\;C:\Program Files (x86)\Microsoft SQL Server\150\Tools\Binn\;C:\Program Files\Microsoft SQL Server\150\Tools\Binn\;C:\Program Files\Microsoft SQL Server\150\DTS\Binn\;C:\Program Files\Microsoft SQL Server\120\Tools\Binn\;C:\Program Files\Microsoft SQL Server\Client SDK\ODBC\130\Tools\Binn\;C:\Program Files (x86)\Microsoft SQL Server\140\Tools\Binn\;C:\Program Files\Microsoft SQL Server\140\Tools\Binn\;C:\Program Files\Microsoft SQL Server\140\DTS\Binn\;C:\Program Files\Microsoft SQL Server\130\Tools\Binn\;C:\Program Files\nodejs\;C:\PROGRA~1\Red Gate\Redgate Change Automation\;C:\PROGRA~1\Red Gate\Code Analysis for Oracle\;C:\Program Files\dotnet\;C:\WINDOWS\system32;C:\WINDOWS;C:\WINDOWS\System32\Wbem;C:\WINDOWS\System32\WindowsPowerShell\v1.0\;C:\WINDOWS\System32\OpenSSH\;C:\Program Files\Git\cmd;C:\Program Files (x86)\NVIDIA Corporation\PhysX\Common;C:\Program Files (x86)\Microsoft SQL Server\160\Tools\Binn\;C:\Program Files\Microsoft SQL Server\160\Tools\Binn\;C:\Program Files\Microsoft SQL Server\160\DTS\Binn\;C:\Program Files (x86)\dotnet\;C:\Program Files\Azure Data Studio\bin;C:\Program Files\Doc
USERNAME=Steve
OS=Windows_NT
PROCESSOR_IDENTIFIER=AMD64 Family 25 Model 33 Stepping 0, AuthenticAMD
TMP=C:\Users\Steve\AppData\Local\Temp
TEMP=C:\Users\Steve\AppData\Local\Temp



---------------  S Y S T E M  ---------------

OS:
 Windows 10 , 64 bit Build 19041 (10.0.19041.3155)
OS uptime: 7 days 0:54 hours
Hyper-V role detected

CPU: total 16 (initial active 16) (16 cores per cpu, 2 threads per core) family 25 model 33 stepping 0 microcode 0x0, cx8, cmov, fxsr, ht, mmx, 3dnowpref, sse, sse2, sse3, ssse3, sse4a, sse4.1, sse4.2, popcnt, lzcnt, tsc, tscinvbit, avx, avx2, aes, erms, clmul, bmi1, bmi2, adx, sha, fma, vzeroupper, clflush, clflushopt, hv

Memory: 4k page, system-wide physical 65462M (7349M free)
TotalPageFile size 184633M (AvailPageFile size 871M)
current process WorkingSet (physical memory assigned to process): 10M, peak: 10M
current process commit charge ("private bytes"): 71M, peak: 1095M

vm_info: OpenJDK 64-Bit Server VM (17.0.6+10) for windows-amd64 JRE (17.0.6+10), built on Jan 18 2023 10:08:59 by "temurin" with MS VC++ 16.7 (VS2019)

END.
